<?xml version="1.0" encoding="UTF-8"?>
<!-- Generated by org.testng.reporters.JUnitReportReporter -->
<testsuite hostname="DESKTOP-Q2B064J" failures="0" tests="1" name="login.TC_existinguser_04" time="16.936" errors="0" timestamp="2021-07-20T18:59:19 IST" skipped="0">
  <testcase classname="login.TC_existinguser_04" name="invalid_Username" time="16.936"/>
  <system-out/>
</testsuite> <!-- login.TC_existinguser_04 -->
